<?xml version="1.0" encoding="utf-8"?><testsuites name="pytest tests"><testsuite name="pytest" errors="0" failures="0" skipped="0" tests="18" time="3.058" timestamp="2026-02-22T18:09:04.567828+00:00" hostname="agent-env-eefb0e7c-fbe3-4192-bb11-93548ce4ea4d"><testcase classname="backend.tests.test_api_phase5.TestAdminAuth" name="test_admin_login_success" time="0.240" /><testcase classname="backend.tests.test_api_phase5.TestAdminAuth" name="test_admin_login_invalid_password" time="0.121" /><testcase classname="backend.tests.test_api_phase5.TestAdminAuth" name="test_admin_verify_valid_token" time="0.241" /><testcase classname="backend.tests.test_api_phase5.TestAdminAuth" name="test_admin_verify_invalid_token" time="0.107" /><testcase classname="backend.tests.test_api_phase5.TestSummerTrainingLeads" name="test_create_summer_training_lead" time="0.126" /><testcase classname="backend.tests.test_api_phase5.TestSummerTrainingLeads" name="test_get_summer_training_leads" time="0.155" /><testcase classname="backend.tests.test_api_phase5.TestSummerTrainingLeads" name="test_delete_summer_training_lead" time="0.236" /><testcase classname="backend.tests.test_api_phase5.TestSummerTrainingLeads" name="test_summer_lead_validation" time="0.150" /><testcase classname="backend.tests.test_api_phase5.TestQuickEnquiry" name="test_create_quick_enquiry" time="0.242" /><testcase classname="backend.tests.test_api_phase5.TestQuickEnquiry" name="test_get_quick_enquiries" time="0.115" /><testcase classname="backend.tests.test_api_phase5.TestQuickEnquiry" name="test_delete_quick_enquiry" time="0.228" /><testcase classname="backend.tests.test_api_phase5.TestQuickEnquiry" name="test_quick_enquiry_with_email" time="0.246" /><testcase classname="backend.tests.test_api_phase5.TestQuickEnquiry" name="test_quick_enquiry_validation" time="0.122" /><testcase classname="backend.tests.test_api_phase5.TestExistingEndpoints" name="test_health_check" time="0.102" /><testcase classname="backend.tests.test_api_phase5.TestExistingEndpoints" name="test_root_endpoint" time="0.125" /><testcase classname="backend.tests.test_api_phase5.TestExistingEndpoints" name="test_events_endpoint" time="0.117" /><testcase classname="backend.tests.test_api_phase5.TestExistingEndpoints" name="test_reviews_endpoint" time="0.112" /><testcase classname="backend.tests.test_api_phase5.TestExistingEndpoints" name="test_programs_endpoint" time="0.160" /></testsuite></testsuites>