<?xml version="1.0" encoding="utf-8"?><testsuites name="pytest tests"><testsuite name="pytest" errors="0" failures="0" skipped="0" tests="17" time="2.445" timestamp="2026-02-22T18:41:40.767605+00:00" hostname="agent-env-43e6a973-6e9f-4bee-a9f7-4a8666f3dca5"><testcase classname="backend.tests.test_api_phase6.TestHealthAndBasicEndpoints" name="test_health_endpoint" time="0.247" /><testcase classname="backend.tests.test_api_phase6.TestHealthAndBasicEndpoints" name="test_root_endpoint" time="0.113" /><testcase classname="backend.tests.test_api_phase6.TestTechnicalSEOAPI" name="test_get_technical_seo" time="0.131" /><testcase classname="backend.tests.test_api_phase6.TestTechnicalSEOAPI" name="test_post_technical_seo" time="0.119" /><testcase classname="backend.tests.test_api_phase6.TestTechnicalSEOAPI" name="test_technical_seo_update_persistence" time="0.239" /><testcase classname="backend.tests.test_api_phase6.TestCoreAPIEndpoints" name="test_events_endpoint" time="0.133" /><testcase classname="backend.tests.test_api_phase6.TestCoreAPIEndpoints" name="test_reviews_endpoint" time="0.110" /><testcase classname="backend.tests.test_api_phase6.TestCoreAPIEndpoints" name="test_programs_endpoint" time="0.117" /><testcase classname="backend.tests.test_api_phase6.TestCoreAPIEndpoints" name="test_blogs_endpoint" time="0.157" /><testcase classname="backend.tests.test_api_phase6.TestCoreAPIEndpoints" name="test_faqs_endpoint" time="0.109" /><testcase classname="backend.tests.test_api_phase6.TestAdminAuthAPI" name="test_admin_login_correct_password" time="0.164" /><testcase classname="backend.tests.test_api_phase6.TestAdminAuthAPI" name="test_admin_login_wrong_password" time="0.110" /><testcase classname="backend.tests.test_api_phase6.TestContactAndLeadsAPI" name="test_contact_endpoint" time="0.110" /><testcase classname="backend.tests.test_api_phase6.TestContactAndLeadsAPI" name="test_quick_enquiry_endpoint" time="0.135" /><testcase classname="backend.tests.test_api_phase6.TestContactAndLeadsAPI" name="test_counselling_leads_endpoint" time="0.122" /><testcase classname="backend.tests.test_api_phase6.TestSEOAPI" name="test_get_seo_settings" time="0.108" /><testcase classname="backend.tests.test_api_phase6.TestSEOAPI" name="test_upsert_seo_settings" time="0.108" /></testsuite></testsuites>