<?xml version="1.0" encoding="utf-8"?><testsuites name="pytest tests"><testsuite name="pytest" errors="0" failures="0" skipped="0" tests="16" time="3.174" timestamp="2026-02-24T07:27:03.147658+00:00" hostname="agent-env-02b4c3bc-9f26-42a2-a218-df9dc8db4c8c"><testcase classname="backend.tests.test_announcements.TestAnnouncementsAPI" name="test_health_check" time="0.269" /><testcase classname="backend.tests.test_announcements.TestAnnouncementsAPI" name="test_get_announcements_empty_or_list" time="0.142" /><testcase classname="backend.tests.test_announcements.TestAnnouncementsAPI" name="test_get_announcements_all" time="0.111" /><testcase classname="backend.tests.test_announcements.TestAnnouncementsAPI" name="test_create_announcement_success" time="0.104" /><testcase classname="backend.tests.test_announcements.TestAnnouncementsAPI" name="test_create_announcement_minimal" time="0.152" /><testcase classname="backend.tests.test_announcements.TestAnnouncementsAPI" name="test_create_announcement_validation_short_text" time="0.120" /><testcase classname="backend.tests.test_announcements.TestAnnouncementsAPI" name="test_update_announcement_toggle_active" time="0.233" /><testcase classname="backend.tests.test_announcements.TestAnnouncementsAPI" name="test_update_announcement_text" time="0.118" /><testcase classname="backend.tests.test_announcements.TestAnnouncementsAPI" name="test_update_announcement_not_found" time="0.155" /><testcase classname="backend.tests.test_announcements.TestAnnouncementsAPI" name="test_delete_announcement_not_found" time="0.110" /><testcase classname="backend.tests.test_announcements.TestUpcomingEventsAPI" name="test_get_upcoming_events_returns_list" time="0.107" /><testcase classname="backend.tests.test_announcements.TestUpcomingEventsAPI" name="test_create_event_within_3_days" time="0.245" /><testcase classname="backend.tests.test_announcements.TestUpcomingEventsAPI" name="test_create_event_today" time="0.208" /><testcase classname="backend.tests.test_announcements.TestUpcomingEventsAPI" name="test_event_outside_3_days_not_shown" time="0.197" /><testcase classname="backend.tests.test_announcements.TestCleanup" name="test_cleanup_announcements" time="0.299" /><testcase classname="backend.tests.test_announcements.TestCleanup" name="test_cleanup_events" time="0.420" /></testsuite></testsuites>