<?xml version="1.0" encoding="utf-8"?><testsuites name="pytest tests"><testsuite name="pytest" errors="0" failures="0" skipped="0" tests="21" time="3.769" timestamp="2026-02-22T09:48:33.948591+00:00" hostname="agent-env-eefb0e7c-fbe3-4192-bb11-93548ce4ea4d"><testcase classname="backend.tests.test_api_phase4.TestHealthEndpoints" name="test_root_endpoint" time="0.200" /><testcase classname="backend.tests.test_api_phase4.TestHealthEndpoints" name="test_health_endpoint" time="0.108" /><testcase classname="backend.tests.test_api_phase4.TestBlogsAPI" name="test_get_blogs" time="0.120" /><testcase classname="backend.tests.test_api_phase4.TestBlogsAPI" name="test_create_blog_and_delete" time="0.483" /><testcase classname="backend.tests.test_api_phase4.TestBlogsAPI" name="test_blog_validation" time="0.131" /><testcase classname="backend.tests.test_api_phase4.TestFAQsAPI" name="test_get_faqs" time="0.109" /><testcase classname="backend.tests.test_api_phase4.TestFAQsAPI" name="test_create_faq_and_delete" time="0.328" /><testcase classname="backend.tests.test_api_phase4.TestFAQsAPI" name="test_faq_validation" time="0.105" /><testcase classname="backend.tests.test_api_phase4.TestSEOAPI" name="test_get_seo_settings" time="0.101" /><testcase classname="backend.tests.test_api_phase4.TestSEOAPI" name="test_upsert_seo_settings" time="0.331" /><testcase classname="backend.tests.test_api_phase4.TestFranchiseEnquiryAPI" name="test_create_franchise_enquiry" time="0.222" /><testcase classname="backend.tests.test_api_phase4.TestFranchiseEnquiryAPI" name="test_get_franchise_enquiries" time="0.098" /><testcase classname="backend.tests.test_api_phase4.TestFranchiseEnquiryAPI" name="test_franchise_enquiry_validation" time="0.106" /><testcase classname="backend.tests.test_api_phase4.TestCounsellingLeadsAPI" name="test_create_counselling_lead" time="0.232" /><testcase classname="backend.tests.test_api_phase4.TestCounsellingLeadsAPI" name="test_get_counselling_leads" time="0.101" /><testcase classname="backend.tests.test_api_phase4.TestEventsAPI" name="test_get_events" time="0.099" /><testcase classname="backend.tests.test_api_phase4.TestEventsAPI" name="test_create_event_and_delete" time="0.316" /><testcase classname="backend.tests.test_api_phase4.TestReviewsAPI" name="test_get_reviews" time="0.102" /><testcase classname="backend.tests.test_api_phase4.TestProgramsAPI" name="test_get_programs" time="0.104" /><testcase classname="backend.tests.test_api_phase4.TestJobsAPI" name="test_get_jobs" time="0.105" /><testcase classname="backend.tests.test_api_phase4.TestContactAPI" name="test_get_contact_enquiries" time="0.096" /></testsuite></testsuites>